[2016-09-26 12:57:00,683] INFO Starting the log cleaner (kafka.log.LogCleaner)
[2016-09-26 12:57:00,693] INFO [kafka-log-cleaner-thread-0], Starting  (kafka.log.LogCleaner)
[2016-09-26 12:57:23,886] INFO Starting the log cleaner (kafka.log.LogCleaner)
[2016-09-26 12:57:23,886] INFO [kafka-log-cleaner-thread-0], Starting  (kafka.log.LogCleaner)
[2016-09-26 12:57:55,066] INFO Starting the log cleaner (kafka.log.LogCleaner)
[2016-09-26 12:57:55,066] INFO [kafka-log-cleaner-thread-0], Starting  (kafka.log.LogCleaner)
[2016-09-26 14:28:59,970] INFO Starting the log cleaner (kafka.log.LogCleaner)
[2016-09-26 14:28:59,979] INFO [kafka-log-cleaner-thread-0], Starting  (kafka.log.LogCleaner)
[2016-09-26 14:29:25,654] INFO Starting the log cleaner (kafka.log.LogCleaner)
[2016-09-26 14:29:25,656] INFO [kafka-log-cleaner-thread-0], Starting  (kafka.log.LogCleaner)
[2016-09-26 14:29:46,102] INFO Starting the log cleaner (kafka.log.LogCleaner)
[2016-09-26 14:29:46,104] INFO [kafka-log-cleaner-thread-0], Starting  (kafka.log.LogCleaner)
[2016-09-26 15:14:30,876] INFO Starting the log cleaner (kafka.log.LogCleaner)
[2016-09-26 15:14:30,884] INFO [kafka-log-cleaner-thread-0], Starting  (kafka.log.LogCleaner)
[2016-09-26 15:14:52,942] INFO Starting the log cleaner (kafka.log.LogCleaner)
[2016-09-26 15:14:52,944] INFO [kafka-log-cleaner-thread-0], Starting  (kafka.log.LogCleaner)
[2016-09-26 15:15:11,447] INFO Starting the log cleaner (kafka.log.LogCleaner)
[2016-09-26 15:15:11,449] INFO [kafka-log-cleaner-thread-0], Starting  (kafka.log.LogCleaner)
[2016-09-26 16:13:27,492] INFO Starting the log cleaner (kafka.log.LogCleaner)
[2016-09-26 16:13:27,495] INFO [kafka-log-cleaner-thread-0], Starting  (kafka.log.LogCleaner)
[2016-09-26 16:13:48,880] INFO Starting the log cleaner (kafka.log.LogCleaner)
[2016-09-26 16:13:48,882] INFO [kafka-log-cleaner-thread-0], Starting  (kafka.log.LogCleaner)
[2016-09-26 16:15:14,506] INFO Starting the log cleaner (kafka.log.LogCleaner)
[2016-09-26 16:15:14,509] INFO [kafka-log-cleaner-thread-0], Starting  (kafka.log.LogCleaner)
[2016-09-26 17:14:41,016] INFO Starting the log cleaner (kafka.log.LogCleaner)
[2016-09-26 17:14:41,056] INFO [kafka-log-cleaner-thread-0], Starting  (kafka.log.LogCleaner)
[2016-09-26 18:14:07,996] INFO Starting the log cleaner (kafka.log.LogCleaner)
[2016-09-26 18:14:08,004] INFO [kafka-log-cleaner-thread-0], Starting  (kafka.log.LogCleaner)
[2016-09-26 18:41:58,597] INFO Shutting down the log cleaner. (kafka.log.LogCleaner)
[2016-09-26 18:41:58,598] INFO [kafka-log-cleaner-thread-0], Shutting down (kafka.log.LogCleaner)
[2016-09-26 18:41:58,598] INFO [kafka-log-cleaner-thread-0], Stopped  (kafka.log.LogCleaner)
[2016-09-26 18:41:58,598] INFO [kafka-log-cleaner-thread-0], Shutdown completed (kafka.log.LogCleaner)
[2016-09-26 18:45:22,949] INFO Starting the log cleaner (kafka.log.LogCleaner)
[2016-09-26 18:45:22,949] INFO [kafka-log-cleaner-thread-0], Starting  (kafka.log.LogCleaner)
