[2016-10-14 17:25:32,054] INFO Verifying properties (kafka.utils.VerifiableProperties)
[2016-10-14 17:25:32,084] INFO Property auto.offset.reset is overridden to smallest (kafka.utils.VerifiableProperties)
[2016-10-14 17:25:32,094] INFO Property group.id is overridden to console-consumer-21796 (kafka.utils.VerifiableProperties)
[2016-10-14 17:25:32,094] INFO Property zookeeper.connect is overridden to 10.91.32.187:2181 (kafka.utils.VerifiableProperties)
[2016-10-14 17:25:32,184] INFO [console-consumer-21796_MSSPAD370-1476446132184-c4a5cdc9], Connecting to zookeeper instance at 10.91.32.187:2181 (kafka.consumer.ZookeeperConsumerConnector)
[2016-10-14 17:25:32,214] INFO [console-consumer-21796_MSSPAD370-1476446132184-c4a5cdc9], starting auto committer every 60000 ms (kafka.consumer.ZookeeperConsumerConnector)
[2016-10-14 17:25:32,274] INFO [console-consumer-21796_MSSPAD370-1476446132184-c4a5cdc9], begin registering consumer console-consumer-21796_MSSPAD370-1476446132184-c4a5cdc9 in ZK (kafka.consumer.ZookeeperConsumerConnector)
[2016-10-14 17:25:32,324] INFO Creating /consumers/console-consumer-21796/ids/console-consumer-21796_MSSPAD370-1476446132184-c4a5cdc9 (is it secure? false) (kafka.utils.ZKCheckedEphemeral)
[2016-10-14 17:25:32,334] INFO Result of znode creation is: OK (kafka.utils.ZKCheckedEphemeral)
[2016-10-14 17:25:32,334] INFO [console-consumer-21796_MSSPAD370-1476446132184-c4a5cdc9], end registering consumer console-consumer-21796_MSSPAD370-1476446132184-c4a5cdc9 in ZK (kafka.consumer.ZookeeperConsumerConnector)
[2016-10-14 17:25:32,344] INFO [console-consumer-21796_MSSPAD370-1476446132184-c4a5cdc9], starting watcher executor thread for consumer console-consumer-21796_MSSPAD370-1476446132184-c4a5cdc9 (kafka.consumer.ZookeeperConsumerConnector)
[2016-10-14 17:25:32,404] INFO [console-consumer-21796_MSSPAD370-1476446132184-c4a5cdc9], begin rebalancing consumer console-consumer-21796_MSSPAD370-1476446132184-c4a5cdc9 try #0 (kafka.consumer.ZookeeperConsumerConnector)
[2016-10-14 17:25:32,584] WARN [console-consumer-21796_MSSPAD370-1476446132184-c4a5cdc9], no brokers found when trying to rebalance. (kafka.consumer.ZookeeperConsumerConnector)
[2016-10-14 17:25:32,634] INFO [console-consumer-21796_MSSPAD370-1476446132184-c4a5cdc9], end rebalancing consumer console-consumer-21796_MSSPAD370-1476446132184-c4a5cdc9 try #0 (kafka.consumer.ZookeeperConsumerConnector)
[2016-10-14 17:25:32,644] INFO [console-consumer-21796_MSSPAD370-1476446132184-c4a5cdc9], Creating topic event watcher for topics topicx (kafka.consumer.ZookeeperConsumerConnector)
[2016-10-14 17:25:33,024] INFO [console-consumer-21796_MSSPAD370-1476446132184-c4a5cdc9], Topics to consume = List() (kafka.consumer.ZookeeperConsumerConnector)
[2016-10-14 17:25:34,974] INFO [console-consumer-21796_MSSPAD370-1476446132184-c4a5cdc9], begin rebalancing consumer console-consumer-21796_MSSPAD370-1476446132184-c4a5cdc9 try #0 (kafka.consumer.ZookeeperConsumerConnector)
[2016-10-14 17:25:35,224] INFO [ConsumerFetcherManager-1476446132214] Stopping leader finder thread (kafka.consumer.ConsumerFetcherManager)
[2016-10-14 17:25:35,224] INFO [ConsumerFetcherManager-1476446132214] Stopping all fetchers (kafka.consumer.ConsumerFetcherManager)
[2016-10-14 17:25:35,234] INFO [ConsumerFetcherManager-1476446132214] All connections stopped (kafka.consumer.ConsumerFetcherManager)
[2016-10-14 17:25:35,234] INFO [console-consumer-21796_MSSPAD370-1476446132184-c4a5cdc9], Cleared all relevant queues for this fetcher (kafka.consumer.ZookeeperConsumerConnector)
[2016-10-14 17:25:35,234] INFO [console-consumer-21796_MSSPAD370-1476446132184-c4a5cdc9], Cleared the data chunks in all the consumer message iterators (kafka.consumer.ZookeeperConsumerConnector)
[2016-10-14 17:25:35,234] INFO [console-consumer-21796_MSSPAD370-1476446132184-c4a5cdc9], Committing all offsets after clearing the fetcher queues (kafka.consumer.ZookeeperConsumerConnector)
[2016-10-14 17:25:35,234] INFO [console-consumer-21796_MSSPAD370-1476446132184-c4a5cdc9], Releasing partition ownership (kafka.consumer.ZookeeperConsumerConnector)
[2016-10-14 17:25:35,454] INFO [console-consumer-21796_MSSPAD370-1476446132184-c4a5cdc9], Consumer console-consumer-21796_MSSPAD370-1476446132184-c4a5cdc9 selected partitions :  (kafka.consumer.ZookeeperConsumerConnector)
[2016-10-14 17:25:35,454] INFO [console-consumer-21796_MSSPAD370-1476446132184-c4a5cdc9-leader-finder-thread], Starting  (kafka.consumer.ConsumerFetcherManager$LeaderFinderThread)
[2016-10-14 17:25:35,454] INFO [console-consumer-21796_MSSPAD370-1476446132184-c4a5cdc9], end rebalancing consumer console-consumer-21796_MSSPAD370-1476446132184-c4a5cdc9 try #0 (kafka.consumer.ZookeeperConsumerConnector)
[2016-10-14 17:30:54,089] INFO [console-consumer-21796_MSSPAD370-1476446132184-c4a5cdc9], ZKConsumerConnector shutting down (kafka.consumer.ZookeeperConsumerConnector)
